2024-07-18 23:16:16,605 - INFO - Loading EfficientNetV2B0 model...
2024-07-18 23:16:17,584 - INFO - Processing image: uploads\KeanConv.png
2024-07-18 23:16:17,593 - INFO - Preprocessing image...
2024-07-18 23:16:17,598 - INFO - Predicting with the model...
2024-07-18 23:16:17,655 - ERROR - An error occurred: Input 0 of layer "efficientnetv2-b0" is incompatible with the layer: expected shape=(None, 224, 224, 3), found shape=(1, 224, 224, 4)
2024-07-18 23:22:48,786 - ERROR - An error occurred: name 'args' is not defined
2024-07-18 23:28:55,072 - INFO - Loading EfficientNetV2B0 model...
2024-07-18 23:28:56,057 - INFO - Processing image: uploads\KeanConv.png
2024-07-18 23:28:56,064 - INFO - Image shape after decoding: (202, 250, 3)
2024-07-18 23:28:56,074 - INFO - Preprocessing image...
2024-07-18 23:28:56,079 - INFO - Image shape after preprocessing: (1, 224, 224, 3)
2024-07-18 23:28:56,079 - INFO - Predicting with the model...
2024-07-18 23:28:57,655 - INFO - Creating adversarial pattern...
2024-07-18 23:28:58,183 - INFO - Displaying images...
2024-07-18 23:28:58,240 - INFO - Input 
 hatchet : 18.51% Confidence
2024-07-18 23:28:58,264 - WARNING - Clipping input data to the valid range for imshow with RGB data ([0..1] for floats or [0..255] for integers).
2024-07-18 23:28:58,609 - INFO - Epsilon = 0.000 
 matchstick : 1.37% Confidence
2024-07-18 23:28:58,755 - INFO - Epsilon = 0.010 
 matchstick : 1.37% Confidence
2024-07-18 23:28:58,907 - INFO - Epsilon = 0.100 
 matchstick : 1.37% Confidence
2024-07-18 23:28:59,059 - INFO - Epsilon = 0.150 
 matchstick : 1.37% Confidence
2024-07-18 23:28:59,144 - INFO - Script completed successfully.
2024-07-18 23:32:51,121 - INFO - Loading EfficientNetV2B0 model...
2024-07-18 23:32:52,219 - INFO - Processing image: uploads\KeanConv.png
2024-07-18 23:32:52,239 - INFO - Image shape after decoding: (202, 250, 3)
2024-07-18 23:32:52,239 - INFO - Preprocessing image...
2024-07-18 23:32:52,245 - INFO - Image shape after preprocessing: (1, 224, 224, 3)
2024-07-18 23:32:52,245 - INFO - Predicting with the model...
2024-07-18 23:32:53,910 - INFO - Creating adversarial pattern...
2024-07-18 23:32:54,445 - INFO - Displaying images...
2024-07-18 23:32:54,507 - INFO - Input 
 matchstick : 1.68% Confidence
2024-07-18 23:32:54,826 - INFO - Epsilon = 0.000 
 matchstick : 1.68% Confidence
2024-07-18 23:32:54,977 - INFO - Epsilon = 0.010 
 matchstick : 1.64% Confidence
2024-07-18 23:32:55,171 - INFO - Epsilon = 0.100 
 matchstick : 1.44% Confidence
2024-07-18 23:32:55,401 - INFO - Epsilon = 0.150 
 matchstick : 1.41% Confidence
2024-07-18 23:32:55,536 - INFO - Script completed successfully.
2024-07-18 23:33:27,801 - INFO - Loading EfficientNetV2B0 model...
2024-07-18 23:33:28,854 - INFO - Processing image: uploads\butterfly_PNG1047.png
2024-07-18 23:33:28,890 - INFO - Image shape after decoding: (1890, 3450, 3)
2024-07-18 23:33:28,890 - INFO - Preprocessing image...
2024-07-18 23:33:28,905 - INFO - Image shape after preprocessing: (1, 224, 224, 3)
2024-07-18 23:33:28,905 - INFO - Predicting with the model...
2024-07-18 23:33:30,515 - INFO - Creating adversarial pattern...
2024-07-18 23:33:31,040 - INFO - Displaying images...
2024-07-18 23:33:31,096 - INFO - Input 
 matchstick : 1.97% Confidence
2024-07-18 23:33:31,419 - INFO - Epsilon = 0.000 
 matchstick : 1.97% Confidence
2024-07-18 23:33:31,571 - INFO - Epsilon = 0.010 
 matchstick : 1.92% Confidence
2024-07-18 23:33:31,739 - INFO - Epsilon = 0.100 
 matchstick : 1.59% Confidence
2024-07-18 23:33:31,941 - INFO - Epsilon = 0.150 
 matchstick : 1.49% Confidence
2024-07-18 23:33:32,087 - INFO - Script completed successfully.
2024-07-18 23:33:42,948 - INFO - Loading EfficientNetV2B0 model...
2024-07-18 23:33:43,905 - INFO - Processing image: uploads\butterfly_PNG1047.png
2024-07-18 23:33:43,957 - INFO - Image shape after decoding: (1890, 3450, 3)
2024-07-18 23:33:43,957 - INFO - Preprocessing image...
2024-07-18 23:33:43,986 - INFO - Image shape after preprocessing: (1, 224, 224, 3)
2024-07-18 23:33:43,986 - INFO - Predicting with the model...
2024-07-18 23:33:45,560 - INFO - Creating adversarial pattern...
2024-07-18 23:33:46,187 - INFO - Displaying images...
2024-07-18 23:33:46,243 - INFO - Input 
 matchstick : 1.97% Confidence
2024-07-18 23:33:46,560 - INFO - Epsilon = 0.000 
 matchstick : 1.97% Confidence
2024-07-18 23:33:46,720 - INFO - Epsilon = 0.010 
 matchstick : 1.92% Confidence
2024-07-18 23:33:46,888 - INFO - Epsilon = 0.100 
 matchstick : 1.59% Confidence
2024-07-18 23:33:47,080 - INFO - Epsilon = 0.150 
 matchstick : 1.49% Confidence
2024-07-18 23:33:47,213 - INFO - Script completed successfully.
2024-07-18 23:40:39,313 - INFO - Loading ResNet50 model...
2024-07-18 23:40:44,238 - INFO - Processing image: uploads\1-16411_butterfly-png.png
2024-07-18 23:40:44,382 - INFO - Image shape after decoding: (4434, 6162, 3)
2024-07-18 23:40:44,382 - INFO - Preprocessing image...
2024-07-18 23:40:44,415 - INFO - Image shape after preprocessing: (1, 224, 224, 3)
2024-07-18 23:40:44,415 - INFO - Predicting with the model...
2024-07-18 23:40:45,880 - INFO - Creating adversarial pattern...
2024-07-18 23:40:46,440 - INFO - Displaying images...
2024-07-18 23:40:46,523 - INFO - Input 
 organ : 63.45% Confidence
2024-07-18 23:40:46,930 - INFO - Epsilon = 0.000 
 screw : 2.17% Confidence
2024-07-18 23:40:47,104 - INFO - Epsilon = 0.010 
 screw : 2.17% Confidence
2024-07-18 23:40:47,267 - INFO - Epsilon = 0.100 
 screw : 2.17% Confidence
2024-07-18 23:40:47,441 - INFO - Epsilon = 0.300 
 screw : 2.17% Confidence
2024-07-18 23:40:47,615 - INFO - Epsilon = 0.500 
 screw : 2.16% Confidence
2024-07-18 23:40:47,721 - INFO - Script completed successfully.
2024-07-18 23:41:20,153 - INFO - Loading ResNet50 model...
2024-07-18 23:41:20,994 - INFO - Processing image: uploads\20200517_084800.jpg
2024-07-18 23:41:21,006 - INFO - Image shape after decoding: (500, 500, 3)
2024-07-18 23:41:21,006 - INFO - Preprocessing image...
2024-07-18 23:41:21,021 - INFO - Image shape after preprocessing: (1, 224, 224, 3)
2024-07-18 23:41:21,021 - INFO - Predicting with the model...
2024-07-18 23:41:22,300 - INFO - Creating adversarial pattern...
2024-07-18 23:41:22,882 - INFO - Displaying images...
2024-07-18 23:41:22,971 - INFO - Input 
 coil : 17.47% Confidence
2024-07-18 23:41:23,511 - INFO - Epsilon = 0.000 
 spotlight : 8.17% Confidence
2024-07-18 23:41:23,713 - INFO - Epsilon = 0.010 
 spotlight : 8.17% Confidence
2024-07-18 23:41:23,898 - INFO - Epsilon = 0.100 
 spotlight : 8.21% Confidence
2024-07-18 23:41:24,097 - INFO - Epsilon = 0.300 
 spotlight : 8.29% Confidence
2024-07-18 23:41:24,299 - INFO - Epsilon = 0.500 
 spotlight : 8.35% Confidence
2024-07-18 23:41:24,411 - INFO - Script completed successfully.
2024-07-18 23:42:49,691 - INFO - Loading ResNet50 model...
2024-07-18 23:42:50,608 - INFO - Processing image: uploads\8601C981-FFFB-438F-96D7-986C1426FC30-2727854260.jpg
2024-07-18 23:42:50,624 - INFO - Image shape after decoding: (768, 1024, 3)
2024-07-18 23:42:50,625 - INFO - Preprocessing image...
2024-07-18 23:42:50,633 - INFO - Image shape after preprocessing: (1, 224, 224, 3)
2024-07-18 23:42:50,634 - INFO - Predicting with the model...
2024-07-18 23:42:52,138 - INFO - Creating adversarial pattern...
2024-07-18 23:42:52,755 - INFO - Displaying images...
2024-07-18 23:42:52,837 - INFO - Input 
 bubble : 44.18% Confidence
2024-07-18 23:42:53,311 - INFO - Epsilon = 0.000 
 matchstick : 6.97% Confidence
2024-07-18 23:42:53,497 - INFO - Epsilon = 0.010 
 matchstick : 6.97% Confidence
2024-07-18 23:42:53,668 - INFO - Epsilon = 0.100 
 matchstick : 6.96% Confidence
2024-07-18 23:42:53,850 - INFO - Epsilon = 0.300 
 matchstick : 6.93% Confidence
2024-07-18 23:42:54,023 - INFO - Epsilon = 0.500 
 matchstick : 6.92% Confidence
2024-07-18 23:42:54,123 - INFO - Script completed successfully.
2024-07-18 23:56:38,581 - INFO - Loading ResNet50 model...
2024-07-18 23:57:31,746 - INFO - Starting adversarial training...
2024-07-18 23:59:46,874 - INFO - Loading ResNet50 model...
2024-07-18 23:59:47,755 - INFO - Starting adversarial training...
2024-07-19 00:02:43,625 - INFO - Epoch 1/5
2024-07-19 00:02:43,628 - ERROR - An error occurred: Passed in object [[[[-4.0939003e+01 -5.4778999e+01 -6.4680000e+01]
   [-5.8939003e+01 -7.0778999e+01 -8.0680000e+01]
   [-6.0939003e+01 -6.8778999e+01 -7.3680000e+01]
   ...
   [ 4.0609970e+00  1.5221001e+01  3.4320000e+01]
   [-1.9390030e+00  8.2210007e+00  2.8320000e+01]
   [-9.3900299e-01  7.2210007e+00  2.4320000e+01]]

  [[-8.3939003e+01 -9.6778999e+01 -1.0768000e+02]
   [-1.0393900e+02 -1.1677900e+02 -1.2368000e+02]
   [-1.0393900e+02 -1.0877900e+02 -1.0568000e+02]
   ...
   [-4.8939003e+01 -2.8778999e+01 -6.8000031e-01]
   [-5.3939003e+01 -3.3778999e+01 -4.6800003e+00]
   [-4.6939003e+01 -2.9778999e+01 -1.6800003e+00]]

  [[-8.2939003e+01 -9.2778999e+01 -9.8680000e+01]
   [-1.0393900e+02 -1.0977900e+02 -1.0768000e+02]
   [-9.5939003e+01 -8.9778999e+01 -7.4680000e+01]
   ...
   [-5.3939003e+01 -3.2778999e+01 -5.6800003e+00]
   [-5.3939003e+01 -3.2778999e+01 -3.6800003e+00]
   [-6.1939003e+01 -4.3778999e+01 -1.4680000e+01]]

  ...

  [[-7.9390030e+00  5.3221001e+01  8.4320000e+01]
   [-6.9939003e+01  3.6221001e+01  7.7320000e+01]
   [-7.7939003e+01  4.4221001e+01  7.4320000e+01]
   ...
   [-3.3939003e+01  1.6221001e+01  3.6320000e+01]
   [-9.6939003e+01 -8.5778999e+01 -6.7680000e+01]
   [-8.3939003e+01 -8.2778999e+01 -7.0680000e+01]]

  [[-7.9390030e+00  2.2221001e+01  5.6320000e+01]
   [-6.1939003e+01  6.2210007e+00  4.9320000e+01]
   [-7.3939003e+01  2.7221001e+01  6.2320000e+01]
   ...
   [-9.9390030e+00  3.1221001e+01  6.0320000e+01]
   [-6.9939003e+01 -5.4778999e+01 -2.6680000e+01]
   [-6.9939003e+01 -6.3778999e+01 -4.0680000e+01]]

  [[ 1.2060997e+01  2.7221001e+01  5.3320000e+01]
   [-9.9390030e+00  1.2221001e+01  4.4320000e+01]
   [-1.6939003e+01  2.5221001e+01  5.5320000e+01]
   ...
   [ 3.6060997e+01  6.7221001e+01  9.2320000e+01]
   [-1.9939003e+01  1.2210007e+00  2.7320000e+01]
   [-3.1939003e+01 -2.4778999e+01 -6.8000031e-01]]]


 [[[ 8.3060997e+01  6.0221001e+01  3.0320000e+01]
   [ 3.2060997e+01  2.0221001e+01  2.3199997e+00]
   [-8.9390030e+00 -1.2778999e+01 -1.8680000e+01]
   ...
   [-3.2939003e+01 -2.1778999e+01 -3.2680000e+01]
   [-3.2939003e+01 -2.6778999e+01 -3.6680000e+01]
   [-3.3939003e+01 -3.5778999e+01 -4.4680000e+01]]

  [[ 6.5060997e+01  4.3221001e+01  1.6320000e+01]
   [ 5.0060997e+01  3.6221001e+01  2.1320000e+01]
   [ 1.4060997e+01  8.2210007e+00  1.3199997e+00]
   ...
   [-2.5939003e+01 -1.7778999e+01 -2.7680000e+01]
   [-4.1939003e+01 -3.6778999e+01 -4.6680000e+01]
   [-4.2939003e+01 -4.3778999e+01 -5.2680000e+01]]

  [[ 6.0060997e+01  3.8221001e+01  1.6320000e+01]
   [ 4.5060997e+01  2.9221001e+01  1.5320000e+01]
   [ 8.0609970e+00 -1.7789993e+00 -8.6800003e+00]
   ...
   [-3.9939003e+01 -3.4778999e+01 -4.4680000e+01]
   [-4.8939003e+01 -4.6778999e+01 -5.5680000e+01]
   [-4.8939003e+01 -4.7778999e+01 -5.6680000e+01]]

  ...

  [[ 6.2060997e+01  5.0221001e+01  5.1320000e+01]
   [ 5.6060997e+01  3.7221001e+01  3.2320000e+01]
   [ 6.6060997e+01  4.3221001e+01  3.0320000e+01]
   ...
   [-6.7939003e+01 -8.2778999e+01 -8.1680000e+01]
   [-4.6939003e+01 -6.3778999e+01 -6.2680000e+01]
   [-1.2939003e+01 -3.3778999e+01 -3.0680000e+01]]

  [[ 2.4060997e+01  3.7221001e+01  4.1320000e+01]
   [ 2.6060997e+01  3.5221001e+01  3.2320000e+01]
   [ 3.8060997e+01  4.4221001e+01  3.5320000e+01]
   ...
   [-7.9390030e+00 -2.3778999e+01 -2.0680000e+01]
   [ 1.6060997e+01 -2.7789993e+00 -6.8000031e-01]
   [ 2.7060997e+01  4.2210007e+00  7.3199997e+00]]

  [[ 1.6060997e+01  3.1221001e+01  3.9320000e+01]
   [ 1.8060997e+01  3.1221001e+01  3.4320000e+01]
   [ 2.9060997e+01  3.9221001e+01  3.9320000e+01]
   ...
   [ 3.5060997e+01  1.6221001e+01  1.9320000e+01]
   [ 3.8060997e+01  1.7221001e+01  1.9320000e+01]
   [ 4.0060997e+01  1.6221001e+01  1.9320000e+01]]]


 [[[ 1.5106100e+02  1.3822101e+02  1.3132001e+02]
   [ 1.4906100e+02  1.3622101e+02  1.2932001e+02]
   [ 1.4906100e+02  1.3622101e+02  1.2932001e+02]
   ...
   [ 1.4906100e+02  1.3622101e+02  1.2932001e+02]
   [ 1.4906100e+02  1.3622101e+02  1.2932001e+02]
   [ 1.4906100e+02  1.3622101e+02  1.2932001e+02]]

  [[ 1.5106100e+02  1.3822101e+02  1.3132001e+02]
   [ 1.5106100e+02  1.3822101e+02  1.3132001e+02]
   [ 1.5106100e+02  1.3822101e+02  1.3132001e+02]
   ...
   [ 1.5106100e+02  1.3822101e+02  1.3132001e+02]
   [ 1.5106100e+02  1.3822101e+02  1.3132001e+02]
   [ 1.5106100e+02  1.3822101e+02  1.3132001e+02]]

  [[ 1.5106100e+02  1.3822101e+02  1.3132001e+02]
   [ 1.5006100e+02  1.3722101e+02  1.3032001e+02]
   [ 1.5006100e+02  1.3722101e+02  1.3032001e+02]
   ...
   [ 1.5006100e+02  1.3722101e+02  1.3032001e+02]
   [ 1.5006100e+02  1.3722101e+02  1.3032001e+02]
   [ 1.5006100e+02  1.3722101e+02  1.3032001e+02]]

  ...

  [[ 8.0609970e+00  3.2210007e+00 -1.0680000e+01]
   [ 7.0609970e+00  1.2210007e+00 -1.2680000e+01]
   [ 2.0609970e+00 -4.7789993e+00 -1.8680000e+01]
   ...
   [-2.3939003e+01 -3.5778999e+01 -5.1680000e+01]
   [-2.4939003e+01 -3.6778999e+01 -5.1680000e+01]
   [-2.4939003e+01 -3.6778999e+01 -5.1680000e+01]]

  [[ 6.0609970e+00  1.2210007e+00 -1.2680000e+01]
   [ 6.0997009e-02 -5.7789993e+00 -1.9680000e+01]
   [-5.9390030e+00 -1.0778999e+01 -2.4680000e+01]
   ...
   [-3.0939003e+01 -4.1778999e+01 -5.5680000e+01]
   [-2.8939003e+01 -4.0778999e+01 -5.3680000e+01]
   [-2.1939003e+01 -3.2778999e+01 -4.5680000e+01]]

  [[ 1.0609970e+00 -3.7789993e+00 -1.7680000e+01]
   [-5.9390030e+00 -1.0778999e+01 -2.4680000e+01]
   [-9.9390030e+00 -1.4778999e+01 -2.8680000e+01]
   ...
   [-2.0939003e+01 -3.1778999e+01 -4.5680000e+01]
   [-2.0939003e+01 -3.1778999e+01 -4.4680000e+01]
   [-1.9939003e+01 -3.0778999e+01 -4.3680000e+01]]]


 ...


 [[[ 9.5060997e+01  8.7221001e+01  7.8320000e+01]
   [ 9.5060997e+01  8.7221001e+01  7.8320000e+01]
   [ 9.7060997e+01  8.9221001e+01  8.0320000e+01]
   ...
   [ 9.6060997e+01  9.1221001e+01  8.3320000e+01]
   [ 9.5060997e+01  8.9221001e+01  8.1320000e+01]
   [ 9.4060997e+01  8.7221001e+01  7.9320000e+01]]

  [[ 9.9060997e+01  9.1221001e+01  8.2320000e+01]
   [ 9.9060997e+01  9.1221001e+01  8.2320000e+01]
   [ 1.0006100e+02  9.2221001e+01  8.3320000e+01]
   ...
   [ 1.0106100e+02  9.4221001e+01  8.6320000e+01]
   [ 9.9060997e+01  9.2221001e+01  8.4320000e+01]
   [ 9.7060997e+01  9.0221001e+01  8.2320000e+01]]

  [[ 1.0306100e+02  9.5221001e+01  8.6320000e+01]
   [ 1.0406100e+02  9.6221001e+01  8.7320000e+01]
   [ 1.0606100e+02  9.7221001e+01  8.8320000e+01]
   ...
   [ 1.0606100e+02  9.7221001e+01  9.0320000e+01]
   [ 1.0406100e+02  9.6221001e+01  8.8320000e+01]
   [ 1.0206100e+02  9.4221001e+01  8.6320000e+01]]

  ...

  [[ 1.1806100e+02  1.0022100e+02  9.4320000e+01]
   [ 1.1006100e+02  9.2221001e+01  8.6320000e+01]
   [ 9.4060997e+01  7.7221001e+01  7.0320000e+01]
   ...
   [ 1.4306100e+02  1.2522100e+02  1.1932000e+02]
   [ 1.4306100e+02  1.2522100e+02  1.2032000e+02]
   [ 1.4306100e+02  1.2622100e+02  1.1932000e+02]]

  [[ 1.1906100e+02  1.0122100e+02  9.5320000e+01]
   [ 1.1706100e+02  9.9221001e+01  9.3320000e+01]
   [ 1.1606100e+02  9.9221001e+01  9.2320000e+01]
   ...
   [ 1.4106100e+02  1.2322100e+02  1.1732000e+02]
   [ 1.4106100e+02  1.2322100e+02  1.1732000e+02]
   [ 1.4106100e+02  1.2322100e+02  1.1732000e+02]]

  [[ 1.1706100e+02  9.9221001e+01  9.3320000e+01]
   [ 1.1606100e+02  9.8221001e+01  9.2320000e+01]
   [ 1.1706100e+02  9.9221001e+01  9.3320000e+01]
   ...
   [ 1.3906100e+02  1.2122100e+02  1.1532000e+02]
   [ 1.3906100e+02  1.2122100e+02  1.1532000e+02]
   [ 1.3906100e+02  1.2122100e+02  1.1632000e+02]]]


 [[[ 6.0609970e+00  1.2210007e+00  2.3199997e+00]
   [ 4.0609970e+00 -1.7789993e+00 -1.6800003e+00]
   [ 7.0609970e+00  2.2210007e+00  2.3199997e+00]
   ...
   [ 2.0609970e+00  1.2210007e+00  3.1999969e-01]
   [-1.9390030e+00 -2.7789993e+00 -3.6800003e+00]
   [-4.9390030e+00 -5.7789993e+00 -6.6800003e+00]]

  [[ 3.0609970e+00 -1.7789993e+00 -1.6800003e+00]
   [ 6.0997009e-02 -4.7789993e+00 -4.6800003e+00]
   [ 2.0609970e+00 -2.7789993e+00 -2.6800003e+00]
   ...
   [ 2.0609970e+00  1.2210007e+00  3.1999969e-01]
   [ 6.0997009e-02 -7.7899933e-01 -1.6800003e+00]
   [-4.9390030e+00 -5.7789993e+00 -6.6800003e+00]]

  [[ 3.0609970e+00 -1.7789993e+00 -1.6800003e+00]
   [ 2.0609970e+00 -2.7789993e+00 -2.6800003e+00]
   [ 2.0609970e+00 -2.7789993e+00 -2.6800003e+00]
   ...
   [ 4.0609970e+00  3.2210007e+00  2.3199997e+00]
   [ 1.0609970e+00  2.2100067e-01 -6.8000031e-01]
   [-9.3900299e-01 -1.7789993e+00 -2.6800003e+00]]

  ...

  [[ 3.0609970e+00  1.2210007e+00  2.3199997e+00]
   [ 3.0609970e+00  1.2210007e+00  2.3199997e+00]
   [ 5.0609970e+00  3.2210007e+00  4.3199997e+00]
   ...
   [ 1.0060997e+01  8.2210007e+00  9.3199997e+00]
   [-9.3900299e-01 -2.7789993e+00 -1.6800003e+00]
   [-8.9390030e+00 -1.0778999e+01 -9.6800003e+00]]

  [[ 2.0609970e+00  2.2100067e-01  1.3199997e+00]
   [ 3.0609970e+00  1.2210007e+00  2.3199997e+00]
   [ 4.0609970e+00  2.2210007e+00  3.3199997e+00]
   ...
   [ 5.0609970e+00  3.2210007e+00  4.3199997e+00]
   [-1.9390030e+00 -3.7789993e+00 -2.6800003e+00]
   [-8.9390030e+00 -1.0778999e+01 -9.6800003e+00]]

  [[ 6.0997009e-02 -1.7789993e+00 -6.8000031e-01]
   [ 6.0997009e-02 -1.7789993e+00 -6.8000031e-01]
   [ 3.0609970e+00  1.2210007e+00  2.3199997e+00]
   ...
   [ 5.0609970e+00  2.2210007e+00  4.3199997e+00]
   [ 3.0609970e+00  1.2210007e+00  2.3199997e+00]
   [-1.9390030e+00 -3.7789993e+00 -2.6800003e+00]]]


 [[[ 1.3406100e+02  1.2522100e+02  1.1232000e+02]
   [ 1.3106100e+02  1.2222100e+02  1.0932000e+02]
   [ 1.3206100e+02  1.2322100e+02  1.1032000e+02]
   ...
   [ 3.6060997e+01  2.8221001e+01  2.4320000e+01]
   [ 3.5060997e+01  2.8221001e+01  2.3320000e+01]
   [ 2.7060997e+01  2.0221001e+01  1.6320000e+01]]

  [[ 1.4106100e+02  1.3222101e+02  1.1932000e+02]
   [ 1.4006100e+02  1.3022101e+02  1.1832000e+02]
   [ 1.4206100e+02  1.3322101e+02  1.1932000e+02]
   ...
   [ 5.8060997e+01  4.5221001e+01  3.9320000e+01]
   [ 5.6060997e+01  4.3221001e+01  3.7320000e+01]
   [ 5.4060997e+01  4.1221001e+01  3.5320000e+01]]

  [[ 1.4306100e+02  1.3422101e+02  1.2132000e+02]
   [ 1.4006100e+02  1.3122101e+02  1.1832000e+02]
   [ 1.4306100e+02  1.3422101e+02  1.2132000e+02]
   ...
   [ 6.2060997e+01  4.5221001e+01  3.9320000e+01]
   [ 6.0060997e+01  4.3221001e+01  3.7320000e+01]
   [ 5.7060997e+01  4.0221001e+01  3.3320000e+01]]

  ...

  [[-4.3939003e+01 -4.2778999e+01 -4.4680000e+01]
   [-5.6939003e+01 -5.1778999e+01 -5.3680000e+01]
   [-5.8939003e+01 -4.8778999e+01 -5.1680000e+01]
   ...
   [-7.8939003e+01 -8.5778999e+01 -8.5680000e+01]
   [-8.0939003e+01 -8.7778999e+01 -8.7680000e+01]
   [-8.4939003e+01 -9.1778999e+01 -9.0680000e+01]]

  [[-4.1939003e+01 -3.7778999e+01 -4.2680000e+01]
   [-4.7939003e+01 -4.3778999e+01 -4.5680000e+01]
   [-5.4939003e+01 -4.8778999e+01 -4.9680000e+01]
   ...
   [-7.4939003e+01 -7.8778999e+01 -7.6680000e+01]
   [-8.6939003e+01 -9.2778999e+01 -9.2680000e+01]
   [-9.3939003e+01 -9.9778999e+01 -9.9680000e+01]]

  [[-4.0939003e+01 -3.6778999e+01 -4.3680000e+01]
   [-4.2939003e+01 -3.9778999e+01 -4.3680000e+01]
   [-5.1939003e+01 -4.9778999e+01 -4.9680000e+01]
   ...
   [-8.3939003e+01 -8.6778999e+01 -8.3680000e+01]
   [-9.1939003e+01 -9.5778999e+01 -9.5680000e+01]
   [-9.5939003e+01 -1.0177900e+02 -1.0168000e+02]]]] of type 'ndarray', not tf.Tensor or tf.Variable or ExtensionType.
2024-07-19 00:02:43,629 - ERROR - Script failed: Passed in object [[[[-4.0939003e+01 -5.4778999e+01 -6.4680000e+01]
   [-5.8939003e+01 -7.0778999e+01 -8.0680000e+01]
   [-6.0939003e+01 -6.8778999e+01 -7.3680000e+01]
   ...
   [ 4.0609970e+00  1.5221001e+01  3.4320000e+01]
   [-1.9390030e+00  8.2210007e+00  2.8320000e+01]
   [-9.3900299e-01  7.2210007e+00  2.4320000e+01]]

  [[-8.3939003e+01 -9.6778999e+01 -1.0768000e+02]
   [-1.0393900e+02 -1.1677900e+02 -1.2368000e+02]
   [-1.0393900e+02 -1.0877900e+02 -1.0568000e+02]
   ...
   [-4.8939003e+01 -2.8778999e+01 -6.8000031e-01]
   [-5.3939003e+01 -3.3778999e+01 -4.6800003e+00]
   [-4.6939003e+01 -2.9778999e+01 -1.6800003e+00]]

  [[-8.2939003e+01 -9.2778999e+01 -9.8680000e+01]
   [-1.0393900e+02 -1.0977900e+02 -1.0768000e+02]
   [-9.5939003e+01 -8.9778999e+01 -7.4680000e+01]
   ...
   [-5.3939003e+01 -3.2778999e+01 -5.6800003e+00]
   [-5.3939003e+01 -3.2778999e+01 -3.6800003e+00]
   [-6.1939003e+01 -4.3778999e+01 -1.4680000e+01]]

  ...

  [[-7.9390030e+00  5.3221001e+01  8.4320000e+01]
   [-6.9939003e+01  3.6221001e+01  7.7320000e+01]
   [-7.7939003e+01  4.4221001e+01  7.4320000e+01]
   ...
   [-3.3939003e+01  1.6221001e+01  3.6320000e+01]
   [-9.6939003e+01 -8.5778999e+01 -6.7680000e+01]
   [-8.3939003e+01 -8.2778999e+01 -7.0680000e+01]]

  [[-7.9390030e+00  2.2221001e+01  5.6320000e+01]
   [-6.1939003e+01  6.2210007e+00  4.9320000e+01]
   [-7.3939003e+01  2.7221001e+01  6.2320000e+01]
   ...
   [-9.9390030e+00  3.1221001e+01  6.0320000e+01]
   [-6.9939003e+01 -5.4778999e+01 -2.6680000e+01]
   [-6.9939003e+01 -6.3778999e+01 -4.0680000e+01]]

  [[ 1.2060997e+01  2.7221001e+01  5.3320000e+01]
   [-9.9390030e+00  1.2221001e+01  4.4320000e+01]
   [-1.6939003e+01  2.5221001e+01  5.5320000e+01]
   ...
   [ 3.6060997e+01  6.7221001e+01  9.2320000e+01]
   [-1.9939003e+01  1.2210007e+00  2.7320000e+01]
   [-3.1939003e+01 -2.4778999e+01 -6.8000031e-01]]]


 [[[ 8.3060997e+01  6.0221001e+01  3.0320000e+01]
   [ 3.2060997e+01  2.0221001e+01  2.3199997e+00]
   [-8.9390030e+00 -1.2778999e+01 -1.8680000e+01]
   ...
   [-3.2939003e+01 -2.1778999e+01 -3.2680000e+01]
   [-3.2939003e+01 -2.6778999e+01 -3.6680000e+01]
   [-3.3939003e+01 -3.5778999e+01 -4.4680000e+01]]

  [[ 6.5060997e+01  4.3221001e+01  1.6320000e+01]
   [ 5.0060997e+01  3.6221001e+01  2.1320000e+01]
   [ 1.4060997e+01  8.2210007e+00  1.3199997e+00]
   ...
   [-2.5939003e+01 -1.7778999e+01 -2.7680000e+01]
   [-4.1939003e+01 -3.6778999e+01 -4.6680000e+01]
   [-4.2939003e+01 -4.3778999e+01 -5.2680000e+01]]

  [[ 6.0060997e+01  3.8221001e+01  1.6320000e+01]
   [ 4.5060997e+01  2.9221001e+01  1.5320000e+01]
   [ 8.0609970e+00 -1.7789993e+00 -8.6800003e+00]
   ...
   [-3.9939003e+01 -3.4778999e+01 -4.4680000e+01]
   [-4.8939003e+01 -4.6778999e+01 -5.5680000e+01]
   [-4.8939003e+01 -4.7778999e+01 -5.6680000e+01]]

  ...

  [[ 6.2060997e+01  5.0221001e+01  5.1320000e+01]
   [ 5.6060997e+01  3.7221001e+01  3.2320000e+01]
   [ 6.6060997e+01  4.3221001e+01  3.0320000e+01]
   ...
   [-6.7939003e+01 -8.2778999e+01 -8.1680000e+01]
   [-4.6939003e+01 -6.3778999e+01 -6.2680000e+01]
   [-1.2939003e+01 -3.3778999e+01 -3.0680000e+01]]

  [[ 2.4060997e+01  3.7221001e+01  4.1320000e+01]
   [ 2.6060997e+01  3.5221001e+01  3.2320000e+01]
   [ 3.8060997e+01  4.4221001e+01  3.5320000e+01]
   ...
   [-7.9390030e+00 -2.3778999e+01 -2.0680000e+01]
   [ 1.6060997e+01 -2.7789993e+00 -6.8000031e-01]
   [ 2.7060997e+01  4.2210007e+00  7.3199997e+00]]

  [[ 1.6060997e+01  3.1221001e+01  3.9320000e+01]
   [ 1.8060997e+01  3.1221001e+01  3.4320000e+01]
   [ 2.9060997e+01  3.9221001e+01  3.9320000e+01]
   ...
   [ 3.5060997e+01  1.6221001e+01  1.9320000e+01]
   [ 3.8060997e+01  1.7221001e+01  1.9320000e+01]
   [ 4.0060997e+01  1.6221001e+01  1.9320000e+01]]]


 [[[ 1.5106100e+02  1.3822101e+02  1.3132001e+02]
   [ 1.4906100e+02  1.3622101e+02  1.2932001e+02]
   [ 1.4906100e+02  1.3622101e+02  1.2932001e+02]
   ...
   [ 1.4906100e+02  1.3622101e+02  1.2932001e+02]
   [ 1.4906100e+02  1.3622101e+02  1.2932001e+02]
   [ 1.4906100e+02  1.3622101e+02  1.2932001e+02]]

  [[ 1.5106100e+02  1.3822101e+02  1.3132001e+02]
   [ 1.5106100e+02  1.3822101e+02  1.3132001e+02]
   [ 1.5106100e+02  1.3822101e+02  1.3132001e+02]
   ...
   [ 1.5106100e+02  1.3822101e+02  1.3132001e+02]
   [ 1.5106100e+02  1.3822101e+02  1.3132001e+02]
   [ 1.5106100e+02  1.3822101e+02  1.3132001e+02]]

  [[ 1.5106100e+02  1.3822101e+02  1.3132001e+02]
   [ 1.5006100e+02  1.3722101e+02  1.3032001e+02]
   [ 1.5006100e+02  1.3722101e+02  1.3032001e+02]
   ...
   [ 1.5006100e+02  1.3722101e+02  1.3032001e+02]
   [ 1.5006100e+02  1.3722101e+02  1.3032001e+02]
   [ 1.5006100e+02  1.3722101e+02  1.3032001e+02]]

  ...

  [[ 8.0609970e+00  3.2210007e+00 -1.0680000e+01]
   [ 7.0609970e+00  1.2210007e+00 -1.2680000e+01]
   [ 2.0609970e+00 -4.7789993e+00 -1.8680000e+01]
   ...
   [-2.3939003e+01 -3.5778999e+01 -5.1680000e+01]
   [-2.4939003e+01 -3.6778999e+01 -5.1680000e+01]
   [-2.4939003e+01 -3.6778999e+01 -5.1680000e+01]]

  [[ 6.0609970e+00  1.2210007e+00 -1.2680000e+01]
   [ 6.0997009e-02 -5.7789993e+00 -1.9680000e+01]
   [-5.9390030e+00 -1.0778999e+01 -2.4680000e+01]
   ...
   [-3.0939003e+01 -4.1778999e+01 -5.5680000e+01]
   [-2.8939003e+01 -4.0778999e+01 -5.3680000e+01]
   [-2.1939003e+01 -3.2778999e+01 -4.5680000e+01]]

  [[ 1.0609970e+00 -3.7789993e+00 -1.7680000e+01]
   [-5.9390030e+00 -1.0778999e+01 -2.4680000e+01]
   [-9.9390030e+00 -1.4778999e+01 -2.8680000e+01]
   ...
   [-2.0939003e+01 -3.1778999e+01 -4.5680000e+01]
   [-2.0939003e+01 -3.1778999e+01 -4.4680000e+01]
   [-1.9939003e+01 -3.0778999e+01 -4.3680000e+01]]]


 ...


 [[[ 9.5060997e+01  8.7221001e+01  7.8320000e+01]
   [ 9.5060997e+01  8.7221001e+01  7.8320000e+01]
   [ 9.7060997e+01  8.9221001e+01  8.0320000e+01]
   ...
   [ 9.6060997e+01  9.1221001e+01  8.3320000e+01]
   [ 9.5060997e+01  8.9221001e+01  8.1320000e+01]
   [ 9.4060997e+01  8.7221001e+01  7.9320000e+01]]

  [[ 9.9060997e+01  9.1221001e+01  8.2320000e+01]
   [ 9.9060997e+01  9.1221001e+01  8.2320000e+01]
   [ 1.0006100e+02  9.2221001e+01  8.3320000e+01]
   ...
   [ 1.0106100e+02  9.4221001e+01  8.6320000e+01]
   [ 9.9060997e+01  9.2221001e+01  8.4320000e+01]
   [ 9.7060997e+01  9.0221001e+01  8.2320000e+01]]

  [[ 1.0306100e+02  9.5221001e+01  8.6320000e+01]
   [ 1.0406100e+02  9.6221001e+01  8.7320000e+01]
   [ 1.0606100e+02  9.7221001e+01  8.8320000e+01]
   ...
   [ 1.0606100e+02  9.7221001e+01  9.0320000e+01]
   [ 1.0406100e+02  9.6221001e+01  8.8320000e+01]
   [ 1.0206100e+02  9.4221001e+01  8.6320000e+01]]

  ...

  [[ 1.1806100e+02  1.0022100e+02  9.4320000e+01]
   [ 1.1006100e+02  9.2221001e+01  8.6320000e+01]
   [ 9.4060997e+01  7.7221001e+01  7.0320000e+01]
   ...
   [ 1.4306100e+02  1.2522100e+02  1.1932000e+02]
   [ 1.4306100e+02  1.2522100e+02  1.2032000e+02]
   [ 1.4306100e+02  1.2622100e+02  1.1932000e+02]]

  [[ 1.1906100e+02  1.0122100e+02  9.5320000e+01]
   [ 1.1706100e+02  9.9221001e+01  9.3320000e+01]
   [ 1.1606100e+02  9.9221001e+01  9.2320000e+01]
   ...
   [ 1.4106100e+02  1.2322100e+02  1.1732000e+02]
   [ 1.4106100e+02  1.2322100e+02  1.1732000e+02]
   [ 1.4106100e+02  1.2322100e+02  1.1732000e+02]]

  [[ 1.1706100e+02  9.9221001e+01  9.3320000e+01]
   [ 1.1606100e+02  9.8221001e+01  9.2320000e+01]
   [ 1.1706100e+02  9.9221001e+01  9.3320000e+01]
   ...
   [ 1.3906100e+02  1.2122100e+02  1.1532000e+02]
   [ 1.3906100e+02  1.2122100e+02  1.1532000e+02]
   [ 1.3906100e+02  1.2122100e+02  1.1632000e+02]]]


 [[[ 6.0609970e+00  1.2210007e+00  2.3199997e+00]
   [ 4.0609970e+00 -1.7789993e+00 -1.6800003e+00]
   [ 7.0609970e+00  2.2210007e+00  2.3199997e+00]
   ...
   [ 2.0609970e+00  1.2210007e+00  3.1999969e-01]
   [-1.9390030e+00 -2.7789993e+00 -3.6800003e+00]
   [-4.9390030e+00 -5.7789993e+00 -6.6800003e+00]]

  [[ 3.0609970e+00 -1.7789993e+00 -1.6800003e+00]
   [ 6.0997009e-02 -4.7789993e+00 -4.6800003e+00]
   [ 2.0609970e+00 -2.7789993e+00 -2.6800003e+00]
   ...
   [ 2.0609970e+00  1.2210007e+00  3.1999969e-01]
   [ 6.0997009e-02 -7.7899933e-01 -1.6800003e+00]
   [-4.9390030e+00 -5.7789993e+00 -6.6800003e+00]]

  [[ 3.0609970e+00 -1.7789993e+00 -1.6800003e+00]
   [ 2.0609970e+00 -2.7789993e+00 -2.6800003e+00]
   [ 2.0609970e+00 -2.7789993e+00 -2.6800003e+00]
   ...
   [ 4.0609970e+00  3.2210007e+00  2.3199997e+00]
   [ 1.0609970e+00  2.2100067e-01 -6.8000031e-01]
   [-9.3900299e-01 -1.7789993e+00 -2.6800003e+00]]

  ...

  [[ 3.0609970e+00  1.2210007e+00  2.3199997e+00]
   [ 3.0609970e+00  1.2210007e+00  2.3199997e+00]
   [ 5.0609970e+00  3.2210007e+00  4.3199997e+00]
   ...
   [ 1.0060997e+01  8.2210007e+00  9.3199997e+00]
   [-9.3900299e-01 -2.7789993e+00 -1.6800003e+00]
   [-8.9390030e+00 -1.0778999e+01 -9.6800003e+00]]

  [[ 2.0609970e+00  2.2100067e-01  1.3199997e+00]
   [ 3.0609970e+00  1.2210007e+00  2.3199997e+00]
   [ 4.0609970e+00  2.2210007e+00  3.3199997e+00]
   ...
   [ 5.0609970e+00  3.2210007e+00  4.3199997e+00]
   [-1.9390030e+00 -3.7789993e+00 -2.6800003e+00]
   [-8.9390030e+00 -1.0778999e+01 -9.6800003e+00]]

  [[ 6.0997009e-02 -1.7789993e+00 -6.8000031e-01]
   [ 6.0997009e-02 -1.7789993e+00 -6.8000031e-01]
   [ 3.0609970e+00  1.2210007e+00  2.3199997e+00]
   ...
   [ 5.0609970e+00  2.2210007e+00  4.3199997e+00]
   [ 3.0609970e+00  1.2210007e+00  2.3199997e+00]
   [-1.9390030e+00 -3.7789993e+00 -2.6800003e+00]]]


 [[[ 1.3406100e+02  1.2522100e+02  1.1232000e+02]
   [ 1.3106100e+02  1.2222100e+02  1.0932000e+02]
   [ 1.3206100e+02  1.2322100e+02  1.1032000e+02]
   ...
   [ 3.6060997e+01  2.8221001e+01  2.4320000e+01]
   [ 3.5060997e+01  2.8221001e+01  2.3320000e+01]
   [ 2.7060997e+01  2.0221001e+01  1.6320000e+01]]

  [[ 1.4106100e+02  1.3222101e+02  1.1932000e+02]
   [ 1.4006100e+02  1.3022101e+02  1.1832000e+02]
   [ 1.4206100e+02  1.3322101e+02  1.1932000e+02]
   ...
   [ 5.8060997e+01  4.5221001e+01  3.9320000e+01]
   [ 5.6060997e+01  4.3221001e+01  3.7320000e+01]
   [ 5.4060997e+01  4.1221001e+01  3.5320000e+01]]

  [[ 1.4306100e+02  1.3422101e+02  1.2132000e+02]
   [ 1.4006100e+02  1.3122101e+02  1.1832000e+02]
   [ 1.4306100e+02  1.3422101e+02  1.2132000e+02]
   ...
   [ 6.2060997e+01  4.5221001e+01  3.9320000e+01]
   [ 6.0060997e+01  4.3221001e+01  3.7320000e+01]
   [ 5.7060997e+01  4.0221001e+01  3.3320000e+01]]

  ...

  [[-4.3939003e+01 -4.2778999e+01 -4.4680000e+01]
   [-5.6939003e+01 -5.1778999e+01 -5.3680000e+01]
   [-5.8939003e+01 -4.8778999e+01 -5.1680000e+01]
   ...
   [-7.8939003e+01 -8.5778999e+01 -8.5680000e+01]
   [-8.0939003e+01 -8.7778999e+01 -8.7680000e+01]
   [-8.4939003e+01 -9.1778999e+01 -9.0680000e+01]]

  [[-4.1939003e+01 -3.7778999e+01 -4.2680000e+01]
   [-4.7939003e+01 -4.3778999e+01 -4.5680000e+01]
   [-5.4939003e+01 -4.8778999e+01 -4.9680000e+01]
   ...
   [-7.4939003e+01 -7.8778999e+01 -7.6680000e+01]
   [-8.6939003e+01 -9.2778999e+01 -9.2680000e+01]
   [-9.3939003e+01 -9.9778999e+01 -9.9680000e+01]]

  [[-4.0939003e+01 -3.6778999e+01 -4.3680000e+01]
   [-4.2939003e+01 -3.9778999e+01 -4.3680000e+01]
   [-5.1939003e+01 -4.9778999e+01 -4.9680000e+01]
   ...
   [-8.3939003e+01 -8.6778999e+01 -8.3680000e+01]
   [-9.1939003e+01 -9.5778999e+01 -9.5680000e+01]
   [-9.5939003e+01 -1.0177900e+02 -1.0168000e+02]]]] of type 'ndarray', not tf.Tensor or tf.Variable or ExtensionType.
2024-07-19 00:07:26,598 - INFO - Loading ResNet50 model...
2024-07-19 00:07:27,461 - INFO - Starting adversarial training...
2024-07-19 00:07:27,994 - INFO - Epoch 1/5
2024-07-19 00:36:12,990 - INFO - Train Accuracy: 0.1969, Validation Accuracy: 0.2521
2024-07-19 00:36:12,990 - INFO - Train Loss: 2.3715, Validation Loss: 118.7101
2024-07-19 00:36:12,990 - INFO - Epoch 2/5
2024-07-19 01:00:56,649 - INFO - Train Accuracy: 0.2929, Validation Accuracy: 0.1983
2024-07-19 01:00:56,650 - INFO - Train Loss: 2.0369, Validation Loss: 9.4302
2024-07-19 01:00:56,650 - INFO - Epoch 3/5
2024-07-19 01:25:40,950 - INFO - Train Accuracy: 0.3324, Validation Accuracy: 0.4726
2024-07-19 01:25:40,951 - INFO - Train Loss: 1.9241, Validation Loss: 1.7744
2024-07-19 01:25:40,951 - INFO - Epoch 4/5
2024-07-19 01:50:31,233 - INFO - Train Accuracy: 0.4317, Validation Accuracy: 0.5902
2024-07-19 01:50:31,233 - INFO - Train Loss: 1.5113, Validation Loss: 1.2215
2024-07-19 01:50:31,233 - INFO - Epoch 5/5
2024-07-19 02:15:19,826 - INFO - Train Accuracy: 0.5115, Validation Accuracy: 0.6660
2024-07-19 02:15:19,827 - INFO - Train Loss: 1.3281, Validation Loss: 0.9509
2024-07-19 02:15:19,863 - INFO - Generating and saving plots...
2024-07-19 02:15:20,131 - INFO - Script completed successfully.
2024-07-19 18:20:37,321 - INFO - Loading ResNet50 model...
2024-07-19 18:20:38,156 - INFO - Starting adversarial training...
2024-07-19 18:20:38,739 - INFO - Epoch 1/5
2024-07-19 20:09:03,923 - INFO - Loading ResNet50 model...
2024-07-19 20:09:04,777 - INFO - Starting adversarial training...
2024-07-19 20:09:05,440 - INFO - Epoch 1/5
2024-07-19 20:47:44,805 - INFO - Loading ResNet50 model...
2024-07-19 20:47:45,811 - INFO - Starting adversarial training...
2024-07-19 20:47:46,344 - INFO - Epoch 1/5
2024-07-19 21:17:49,806 - INFO - Train Accuracy: 0.2358, Validation Accuracy: 0.4189
2024-07-19 21:17:49,806 - INFO - Train Loss: 2.1663, Validation Loss: 1.6612
2024-07-19 21:17:49,806 - INFO - Epoch 2/5
2024-07-19 21:45:49,958 - INFO - Train Accuracy: 0.2875, Validation Accuracy: 0.4426
2024-07-19 21:45:49,959 - INFO - Train Loss: 2.0654, Validation Loss: 3.0150
2024-07-19 21:45:49,959 - INFO - Epoch 3/5
2024-07-19 22:13:44,206 - INFO - Train Accuracy: 0.2626, Validation Accuracy: 0.4191
2024-07-19 22:13:44,207 - INFO - Train Loss: 2.1819, Validation Loss: 1.5877
2024-07-19 22:13:44,207 - INFO - Epoch 4/5
2024-07-19 22:41:35,740 - INFO - Train Accuracy: 0.3790, Validation Accuracy: 0.5184
2024-07-19 22:41:35,740 - INFO - Train Loss: 1.6806, Validation Loss: 1.3878
2024-07-19 22:41:35,740 - INFO - Epoch 5/5
2024-07-19 23:09:45,002 - INFO - Train Accuracy: 0.4738, Validation Accuracy: 0.6252
2024-07-19 23:09:45,002 - INFO - Train Loss: 1.4108, Validation Loss: 1.0751
2024-07-19 23:09:45,051 - INFO - Generating and saving plots...
2024-07-19 23:09:45,384 - INFO - Script completed successfully.
